\BOOKMARK [0][-]{tit.0}{Titel}{}% 1
\BOOKMARK [0][-]{toc.0}{Inhaltsverzeichnis}{}% 2
\BOOKMARK [0][-]{chapter*.1}{Bildverzeichnis}{}% 3
\BOOKMARK [0][-]{chapter*.2}{Symbolverzeichnis}{}% 4
\BOOKMARK [0][-]{chapter.1}{1 Einleitung}{}% 5
\BOOKMARK [0][-]{chapter.2}{2 Stand der Technik}{}% 6
\BOOKMARK [0][-]{chapter.3}{3 Modellierung des Doppelpendels}{}% 7
\BOOKMARK [0][-]{chapter.4}{4 Zustandsregelung des inversen Doppelpendels}{}% 8
\BOOKMARK [1][-]{section.4.1}{4.1 Zustandsraumdarstellung}{chapter.4}% 9
\BOOKMARK [1][-]{section.4.2}{4.2 Steuerbarkeit}{chapter.4}% 10
\BOOKMARK [1][-]{section.4.3}{4.3 Zustandsregelung mittels LQ-Regelung}{chapter.4}% 11
\BOOKMARK [0][-]{chapter.5}{5 Nichtlineare Zustandsbeobachtung}{}% 12
\BOOKMARK [1][-]{section.5.1}{5.1 Lineare Beobachtbarkeit des Doppelpendels}{chapter.5}% 13
\BOOKMARK [1][-]{section.5.2}{5.2 Nichtlineare Beobachtbarkeit des Doppelpendels}{chapter.5}% 14
\BOOKMARK [1][-]{section.5.3}{5.3 Das Erweiterte Kalmanfilter}{chapter.5}% 15
\BOOKMARK [2][-]{subsection.5.3.1}{5.3.1 Voraussetzungen des EKF}{section.5.3}% 16
\BOOKMARK [2][-]{subsection.5.3.2}{5.3.2 Algorithmus des EKF}{section.5.3}% 17
\BOOKMARK [2][-]{subsection.5.3.3}{5.3.3 Einstellregeln des EKF}{section.5.3}% 18
\BOOKMARK [2][-]{subsection.5.3.4}{5.3.4 Simuationsergebnisse der Zustandsbeobachtung}{section.5.3}% 19
\BOOKMARK [0][-]{chapter.6}{6 Bildbasierte Beobachtervalingdierung}{}% 20
\BOOKMARK [1][-]{section.6.1}{6.1 Bildbasierte Winkelbestimmung}{chapter.6}% 21
\BOOKMARK [1][-]{section.6.2}{6.2 Validierung der bildbasierten Winkelbestimmung}{chapter.6}% 22
\BOOKMARK [1][-]{section.6.3}{6.3 Bildbasierte Validierung der Zustandssch\344tzung des EKF}{chapter.6}% 23
\BOOKMARK [0][-]{chapter.7}{7 Zusammenfassung und Ausblick}{}% 24
\BOOKMARK [0][-]{chapter*.23}{Anhang}{}% 25
\BOOKMARK [1][-]{section.A.1}{A.1 Nichtlineare Bewegungsgleichungen des Doppelpendels}{chapter*.23}% 26
\BOOKMARK [0][-]{chapter*.24}{Literaturverzeichnis}{}% 27
