This is pdfTeX, Version 3.14159265-2.6-1.40.16 (MiKTeX 2.9 64-bit) (preloaded format=pdflatex 2016.1.18)  6 FEB 2017 20:42
entering extended mode
**./Inhaltsverzeichnistex.tex
(Inhaltsverzeichnistex.tex
LaTeX2e <2015/10/01> patch level 2
Babel <3.9m> and hyphenation patterns for 69 languages loaded.
("C:\Program Files\MiKTeX 2.9\tex\latex\base\article.cls"
Document Class: article 2014/09/29 v1.4h Standard LaTeX document class
("C:\Program Files\MiKTeX 2.9\tex\latex\base\size10.clo"
File: size10.clo 2014/09/29 v1.4h Standard LaTeX file (size option)
)
\c@part=\count79
\c@section=\count80
\c@subsection=\count81
\c@subsubsection=\count82
\c@paragraph=\count83
\c@subparagraph=\count84
\c@figure=\count85
\c@table=\count86
\abovecaptionskip=\skip41
\belowcaptionskip=\skip42
\bibindent=\dimen102
)
("C:\Program Files\MiKTeX 2.9\tex\latex\enumitem\enumitem.sty"
Package: enumitem 2011/09/28 v3.5.2 Customized lists
\enitkv@toks@=\toks14
\labelindent=\skip43
\enit@outerparindent=\dimen103
\enit@toks=\toks15
\enit@inbox=\box26
\enitdp@description=\count87
)
("C:\Program Files\MiKTeX 2.9\tex\latex\base\fontenc.sty"
Package: fontenc 2005/09/27 v1.99g Standard LaTeX package

("C:\Program Files\MiKTeX 2.9\tex\latex\base\t1enc.def"
File: t1enc.def 2005/09/27 v1.99g Standard LaTeX file
LaTeX Font Info:    Redeclaring font encoding T1 on input line 48.
))
\c@saveenumerate=\count88

(Inhaltsverzeichnistex.aux)
\openout1 = `Inhaltsverzeichnistex.aux'.

LaTeX Font Info:    Checking defaults for OML/cmm/m/it on input line 19.
LaTeX Font Info:    ... okay on input line 19.
LaTeX Font Info:    Checking defaults for T1/cmr/m/n on input line 19.
LaTeX Font Info:    ... okay on input line 19.
LaTeX Font Info:    Checking defaults for OT1/cmr/m/n on input line 19.
LaTeX Font Info:    ... okay on input line 19.
LaTeX Font Info:    Checking defaults for OMS/cmsy/m/n on input line 19.
LaTeX Font Info:    ... okay on input line 19.
LaTeX Font Info:    Checking defaults for OMX/cmex/m/n on input line 19.
LaTeX Font Info:    ... okay on input line 19.
LaTeX Font Info:    Checking defaults for U/cmr/m/n on input line 19.
LaTeX Font Info:    ... okay on input line 19.

Overfull \hbox (8.11862pt too wide) in paragraph at lines 32--33
[]\T1/cmr/m/n/10 Stabilisierung des Dop-pelpen-dels mit-tels LQR (Fazit Zu-s-ta
nds-beobach-
 []


Overfull \hbox (4.17624pt too wide) in paragraph at lines 33--34
[]\T1/cmr/m/n/10 (Stabilisierung des Dop-pelpen-dels mit-tels Polvor-gabe, mögl
icher-weise) 
 []

[1

{C:/Users/andi/AppData/Local/MiKTeX/2.9/pdftex/config/pdftex.map}]
(Inhaltsverzeichnistex.aux) ) 
Here is how much of TeX's memory you used:
 704 strings out of 493634
 8643 string characters out of 3143747
 61564 words of memory out of 3000000
 4163 multiletter control sequences out of 15000+200000
 5179 words of font info for 16 fonts, out of 3000000 for 9000
 1025 hyphenation exceptions out of 8191
 23i,4n,19p,190b,359s stack positions out of 5000i,500n,10000p,200000b,50000s
 <C:\Users\andi\AppData\Local\MiKTeX\2.9\fonts\pk\
ljfour\jknappen\ec\dpi600\ecrm1000.pk> <C:\Users\andi\AppData\Local\MiKTeX\2.9\
fonts\pk\ljfour\jknappen\ec\dpi600\ecbx1000.pk>
Output written on Inhaltsverzeichnistex.pdf (1 page, 28588 bytes).
PDF statistics:
 95 PDF objects out of 1000 (max. 8388607)
 0 named destinations out of 1000 (max. 500000)
 1 words of extra memory for PDF output out of 10000 (max. 10000000)

